{"C:\\Users\\Rodne\\Documents\\CS392\\BudgetBuddy\\src\\assets\\dummy_data.js": {"path":"C:\\Users\\Rodne\\Documents\\CS392\\BudgetBuddy\\src\\assets\\dummy_data.js","all":false,"statementMap":{"0":{"start":{"line":1,"column":0},"end":{"line":1,"column":26}},"1":{"start":{"line":2,"column":0},"end":{"line":2,"column":16}},"2":{"start":{"line":3,"column":0},"end":{"line":3,"column":15}},"3":{"start":{"line":4,"column":0},"end":{"line":4,"column":11}},"4":{"start":{"line":5,"column":0},"end":{"line":5,"column":18}},"5":{"start":{"line":6,"column":0},"end":{"line":6,"column":15}},"6":{"start":{"line":7,"column":0},"end":{"line":7,"column":14}},"7":{"start":{"line":8,"column":0},"end":{"line":8,"column":19}},"8":{"start":{"line":9,"column":0},"end":{"line":9,"column":4}},"9":{"start":{"line":10,"column":0},"end":{"line":10,"column":13}},"10":{"start":{"line":11,"column":0},"end":{"line":11,"column":11}},"11":{"start":{"line":12,"column":0},"end":{"line":12,"column":18}},"12":{"start":{"line":13,"column":0},"end":{"line":13,"column":19}},"13":{"start":{"line":14,"column":0},"end":{"line":14,"column":23}},"14":{"start":{"line":15,"column":0},"end":{"line":15,"column":23}},"15":{"start":{"line":16,"column":0},"end":{"line":16,"column":8}},"16":{"start":{"line":17,"column":0},"end":{"line":17,"column":6}},"17":{"start":{"line":18,"column":0},"end":{"line":18,"column":11}},"18":{"start":{"line":19,"column":0},"end":{"line":19,"column":17}},"19":{"start":{"line":20,"column":0},"end":{"line":20,"column":19}},"20":{"start":{"line":21,"column":0},"end":{"line":21,"column":23}},"21":{"start":{"line":22,"column":0},"end":{"line":22,"column":24}},"22":{"start":{"line":23,"column":0},"end":{"line":23,"column":8}},"23":{"start":{"line":24,"column":0},"end":{"line":24,"column":6}},"24":{"start":{"line":25,"column":0},"end":{"line":25,"column":16}},"25":{"start":{"line":26,"column":0},"end":{"line":26,"column":17}},"26":{"start":{"line":27,"column":0},"end":{"line":27,"column":19}},"27":{"start":{"line":28,"column":0},"end":{"line":28,"column":18}},"28":{"start":{"line":29,"column":0},"end":{"line":29,"column":17}},"29":{"start":{"line":30,"column":0},"end":{"line":30,"column":8}},"30":{"start":{"line":31,"column":0},"end":{"line":31,"column":6}},"31":{"start":{"line":32,"column":0},"end":{"line":32,"column":4}},"32":{"start":{"line":33,"column":0},"end":{"line":33,"column":20}},"33":{"start":{"line":34,"column":0},"end":{"line":34,"column":5}},"34":{"start":{"line":35,"column":0},"end":{"line":35,"column":25}},"35":{"start":{"line":36,"column":0},"end":{"line":36,"column":23}},"36":{"start":{"line":37,"column":0},"end":{"line":37,"column":30}},"37":{"start":{"line":38,"column":0},"end":{"line":38,"column":19}},"38":{"start":{"line":39,"column":0},"end":{"line":39,"column":6}},"39":{"start":{"line":40,"column":0},"end":{"line":40,"column":5}},"40":{"start":{"line":41,"column":0},"end":{"line":41,"column":25}},"41":{"start":{"line":42,"column":0},"end":{"line":42,"column":23}},"42":{"start":{"line":43,"column":0},"end":{"line":43,"column":30}},"43":{"start":{"line":44,"column":0},"end":{"line":44,"column":18}},"44":{"start":{"line":45,"column":0},"end":{"line":45,"column":6}},"45":{"start":{"line":46,"column":0},"end":{"line":46,"column":5}},"46":{"start":{"line":47,"column":0},"end":{"line":47,"column":25}},"47":{"start":{"line":48,"column":0},"end":{"line":48,"column":23}},"48":{"start":{"line":49,"column":0},"end":{"line":49,"column":31}},"49":{"start":{"line":50,"column":0},"end":{"line":50,"column":18}},"50":{"start":{"line":51,"column":0},"end":{"line":51,"column":6}},"51":{"start":{"line":52,"column":0},"end":{"line":52,"column":5}},"52":{"start":{"line":53,"column":0},"end":{"line":53,"column":25}},"53":{"start":{"line":54,"column":0},"end":{"line":54,"column":23}},"54":{"start":{"line":55,"column":0},"end":{"line":55,"column":30}},"55":{"start":{"line":56,"column":0},"end":{"line":56,"column":18}},"56":{"start":{"line":57,"column":0},"end":{"line":57,"column":6}},"57":{"start":{"line":58,"column":0},"end":{"line":58,"column":5}},"58":{"start":{"line":59,"column":0},"end":{"line":59,"column":25}},"59":{"start":{"line":60,"column":0},"end":{"line":60,"column":28}},"60":{"start":{"line":61,"column":0},"end":{"line":61,"column":26}},"61":{"start":{"line":62,"column":0},"end":{"line":62,"column":18}},"62":{"start":{"line":63,"column":0},"end":{"line":63,"column":6}},"63":{"start":{"line":64,"column":0},"end":{"line":64,"column":5}},"64":{"start":{"line":65,"column":0},"end":{"line":65,"column":25}},"65":{"start":{"line":66,"column":0},"end":{"line":66,"column":28}},"66":{"start":{"line":67,"column":0},"end":{"line":67,"column":25}},"67":{"start":{"line":68,"column":0},"end":{"line":68,"column":18}},"68":{"start":{"line":69,"column":0},"end":{"line":69,"column":6}},"69":{"start":{"line":70,"column":0},"end":{"line":70,"column":4}},"70":{"start":{"line":71,"column":0},"end":{"line":71,"column":2}}},"s":{"0":1,"1":1,"2":1,"3":1,"4":1,"5":1,"6":1,"7":1,"8":1,"9":1,"10":1,"11":1,"12":1,"13":1,"14":1,"15":1,"16":1,"17":1,"18":1,"19":1,"20":1,"21":1,"22":1,"23":1,"24":1,"25":1,"26":1,"27":1,"28":1,"29":1,"30":1,"31":1,"32":1,"33":1,"34":1,"35":1,"36":1,"37":1,"38":1,"39":1,"40":1,"41":1,"42":1,"43":1,"44":1,"45":1,"46":1,"47":1,"48":1,"49":1,"50":1,"51":1,"52":1,"53":1,"54":1,"55":1,"56":1,"57":1,"58":1,"59":1,"60":1,"61":1,"62":1,"63":1,"64":1,"65":1,"66":1,"67":1,"68":1,"69":1,"70":1},"branchMap":{},"b":{},"fnMap":{},"f":{}}
,"C:\\Users\\Rodne\\Documents\\CS392\\BudgetBuddy\\src\\components\\LoadingContainer.jsx": {"path":"C:\\Users\\Rodne\\Documents\\CS392\\BudgetBuddy\\src\\components\\LoadingContainer.jsx","all":false,"statementMap":{"0":{"start":{"line":1,"column":0},"end":{"line":1,"column":54}},"1":{"start":{"line":2,"column":0},"end":{"line":2,"column":0}},"2":{"start":{"line":3,"column":0},"end":{"line":3,"column":37}},"3":{"start":{"line":4,"column":0},"end":{"line":4,"column":40}},"4":{"start":{"line":5,"column":0},"end":{"line":5,"column":0}},"5":{"start":{"line":6,"column":0},"end":{"line":6,"column":22}},"6":{"start":{"line":7,"column":0},"end":{"line":7,"column":8}},"7":{"start":{"line":8,"column":0},"end":{"line":8,"column":11}},"8":{"start":{"line":9,"column":0},"end":{"line":9,"column":24}},"9":{"start":{"line":10,"column":0},"end":{"line":10,"column":33}},"10":{"start":{"line":11,"column":0},"end":{"line":11,"column":29}},"11":{"start":{"line":12,"column":0},"end":{"line":12,"column":23}},"12":{"start":{"line":13,"column":0},"end":{"line":13,"column":22}},"13":{"start":{"line":14,"column":0},"end":{"line":14,"column":8}},"14":{"start":{"line":15,"column":0},"end":{"line":15,"column":5}},"15":{"start":{"line":16,"column":0},"end":{"line":16,"column":26}},"16":{"start":{"line":17,"column":0},"end":{"line":17,"column":10}},"17":{"start":{"line":18,"column":0},"end":{"line":18,"column":7}},"18":{"start":{"line":19,"column":0},"end":{"line":19,"column":8}},"19":{"start":{"line":20,"column":0},"end":{"line":20,"column":11}},"20":{"start":{"line":21,"column":0},"end":{"line":21,"column":24}},"21":{"start":{"line":22,"column":0},"end":{"line":22,"column":33}},"22":{"start":{"line":23,"column":0},"end":{"line":23,"column":29}},"23":{"start":{"line":24,"column":0},"end":{"line":24,"column":23}},"24":{"start":{"line":25,"column":0},"end":{"line":25,"column":22}},"25":{"start":{"line":26,"column":0},"end":{"line":26,"column":8}},"26":{"start":{"line":27,"column":0},"end":{"line":27,"column":5}},"27":{"start":{"line":28,"column":0},"end":{"line":28,"column":16}},"28":{"start":{"line":29,"column":0},"end":{"line":29,"column":10}},"29":{"start":{"line":30,"column":0},"end":{"line":30,"column":4}},"30":{"start":{"line":31,"column":0},"end":{"line":31,"column":2}},"31":{"start":{"line":32,"column":0},"end":{"line":32,"column":0}},"32":{"start":{"line":33,"column":0},"end":{"line":33,"column":32}}},"s":{"0":1,"1":1,"2":1,"3":2,"4":2,"5":2,"6":0,"7":0,"8":0,"9":0,"10":0,"11":0,"12":0,"13":0,"14":0,"15":0,"16":0,"17":2,"18":2,"19":2,"20":2,"21":2,"22":2,"23":2,"24":2,"25":2,"26":2,"27":2,"28":2,"29":2,"30":2,"31":1,"32":1},"branchMap":{"0":{"type":"branch","line":3,"loc":{"start":{"line":3,"column":25},"end":{"line":31,"column":2}},"locations":[{"start":{"line":3,"column":25},"end":{"line":31,"column":2}}]},"1":{"type":"branch","line":6,"loc":{"start":{"line":6,"column":9},"end":{"line":17,"column":10}},"locations":[{"start":{"line":6,"column":9},"end":{"line":17,"column":10}}]}},"b":{"0":[2],"1":[0]},"fnMap":{"0":{"name":"LoadingContainer","decl":{"start":{"line":3,"column":25},"end":{"line":31,"column":2}},"loc":{"start":{"line":3,"column":25},"end":{"line":31,"column":2}},"line":3}},"f":{"0":2}}
,"C:\\Users\\Rodne\\Documents\\CS392\\BudgetBuddy\\src\\components\\MenuContainer.jsx": {"path":"C:\\Users\\Rodne\\Documents\\CS392\\BudgetBuddy\\src\\components\\MenuContainer.jsx","all":false,"statementMap":{"0":{"start":{"line":1,"column":0},"end":{"line":1,"column":33}},"1":{"start":{"line":2,"column":0},"end":{"line":2,"column":8}},"2":{"start":{"line":3,"column":0},"end":{"line":3,"column":6}},"3":{"start":{"line":4,"column":0},"end":{"line":4,"column":9}},"4":{"start":{"line":5,"column":0},"end":{"line":5,"column":10}},"5":{"start":{"line":6,"column":0},"end":{"line":6,"column":13}},"6":{"start":{"line":7,"column":0},"end":{"line":7,"column":13}},"7":{"start":{"line":8,"column":0},"end":{"line":8,"column":7}},"8":{"start":{"line":9,"column":0},"end":{"line":9,"column":11}},"9":{"start":{"line":10,"column":0},"end":{"line":10,"column":17}},"10":{"start":{"line":11,"column":0},"end":{"line":11,"column":15}},"11":{"start":{"line":12,"column":0},"end":{"line":12,"column":15}},"12":{"start":{"line":13,"column":0},"end":{"line":13,"column":10}},"13":{"start":{"line":14,"column":0},"end":{"line":14,"column":9}},"14":{"start":{"line":15,"column":0},"end":{"line":15,"column":11}},"15":{"start":{"line":16,"column":0},"end":{"line":16,"column":7}},"16":{"start":{"line":17,"column":0},"end":{"line":17,"column":22}},"17":{"start":{"line":18,"column":0},"end":{"line":18,"column":23}},"18":{"start":{"line":19,"column":0},"end":{"line":19,"column":80}},"19":{"start":{"line":20,"column":0},"end":{"line":20,"column":47}},"20":{"start":{"line":21,"column":0},"end":{"line":21,"column":46}},"21":{"start":{"line":22,"column":0},"end":{"line":22,"column":51}},"22":{"start":{"line":23,"column":0},"end":{"line":23,"column":53}},"23":{"start":{"line":24,"column":0},"end":{"line":24,"column":55}},"24":{"start":{"line":25,"column":0},"end":{"line":25,"column":55}},"25":{"start":{"line":26,"column":0},"end":{"line":26,"column":0}},"26":{"start":{"line":27,"column":0},"end":{"line":27,"column":24}},"27":{"start":{"line":28,"column":0},"end":{"line":28,"column":0}},"28":{"start":{"line":29,"column":0},"end":{"line":29,"column":52}},"29":{"start":{"line":30,"column":0},"end":{"line":30,"column":18}},"30":{"start":{"line":31,"column":0},"end":{"line":31,"column":23}},"31":{"start":{"line":32,"column":0},"end":{"line":32,"column":31}},"32":{"start":{"line":33,"column":0},"end":{"line":33,"column":26}},"33":{"start":{"line":34,"column":0},"end":{"line":34,"column":34}},"34":{"start":{"line":35,"column":0},"end":{"line":35,"column":4}},"35":{"start":{"line":36,"column":0},"end":{"line":36,"column":0}},"36":{"start":{"line":37,"column":0},"end":{"line":37,"column":34}},"37":{"start":{"line":38,"column":0},"end":{"line":38,"column":47}},"38":{"start":{"line":39,"column":0},"end":{"line":39,"column":26}},"39":{"start":{"line":40,"column":0},"end":{"line":40,"column":61}},"40":{"start":{"line":41,"column":0},"end":{"line":41,"column":43}},"41":{"start":{"line":42,"column":0},"end":{"line":42,"column":55}},"42":{"start":{"line":43,"column":0},"end":{"line":43,"column":5}},"43":{"start":{"line":44,"column":0},"end":{"line":44,"column":15}},"44":{"start":{"line":45,"column":0},"end":{"line":45,"column":43}},"45":{"start":{"line":46,"column":0},"end":{"line":46,"column":35}},"46":{"start":{"line":47,"column":0},"end":{"line":47,"column":63}},"47":{"start":{"line":48,"column":0},"end":{"line":48,"column":47}},"48":{"start":{"line":49,"column":0},"end":{"line":49,"column":58}},"49":{"start":{"line":50,"column":0},"end":{"line":50,"column":7}},"50":{"start":{"line":51,"column":0},"end":{"line":51,"column":5}},"51":{"start":{"line":52,"column":0},"end":{"line":52,"column":4}},"52":{"start":{"line":53,"column":0},"end":{"line":53,"column":0}},"53":{"start":{"line":54,"column":0},"end":{"line":54,"column":77}},"54":{"start":{"line":55,"column":0},"end":{"line":55,"column":25}},"55":{"start":{"line":56,"column":0},"end":{"line":56,"column":16}},"56":{"start":{"line":57,"column":0},"end":{"line":57,"column":21}},"57":{"start":{"line":58,"column":0},"end":{"line":58,"column":52}},"58":{"start":{"line":59,"column":0},"end":{"line":59,"column":45}},"59":{"start":{"line":60,"column":0},"end":{"line":60,"column":57}},"60":{"start":{"line":61,"column":0},"end":{"line":61,"column":7}},"61":{"start":{"line":62,"column":0},"end":{"line":62,"column":36}},"62":{"start":{"line":63,"column":0},"end":{"line":63,"column":17}},"63":{"start":{"line":64,"column":0},"end":{"line":64,"column":54}},"64":{"start":{"line":65,"column":0},"end":{"line":65,"column":49}},"65":{"start":{"line":66,"column":0},"end":{"line":66,"column":60}},"66":{"start":{"line":67,"column":0},"end":{"line":67,"column":9}},"67":{"start":{"line":68,"column":0},"end":{"line":68,"column":20}},"68":{"start":{"line":69,"column":0},"end":{"line":69,"column":7}},"69":{"start":{"line":70,"column":0},"end":{"line":70,"column":4}},"70":{"start":{"line":71,"column":0},"end":{"line":71,"column":2}},"71":{"start":{"line":72,"column":0},"end":{"line":72,"column":0}},"72":{"start":{"line":73,"column":0},"end":{"line":73,"column":34}},"73":{"start":{"line":74,"column":0},"end":{"line":74,"column":42}},"74":{"start":{"line":75,"column":0},"end":{"line":75,"column":27}},"75":{"start":{"line":76,"column":0},"end":{"line":76,"column":33}},"76":{"start":{"line":77,"column":0},"end":{"line":77,"column":48}},"77":{"start":{"line":78,"column":0},"end":{"line":78,"column":52}},"78":{"start":{"line":79,"column":0},"end":{"line":79,"column":0}},"79":{"start":{"line":80,"column":0},"end":{"line":80,"column":59}},"80":{"start":{"line":81,"column":0},"end":{"line":81,"column":67}},"81":{"start":{"line":82,"column":0},"end":{"line":82,"column":0}},"82":{"start":{"line":83,"column":0},"end":{"line":83,"column":69}},"83":{"start":{"line":84,"column":0},"end":{"line":84,"column":0}},"84":{"start":{"line":85,"column":0},"end":{"line":85,"column":12}},"85":{"start":{"line":86,"column":0},"end":{"line":86,"column":40}},"86":{"start":{"line":87,"column":0},"end":{"line":87,"column":16}},"87":{"start":{"line":88,"column":0},"end":{"line":88,"column":44}},"88":{"start":{"line":89,"column":0},"end":{"line":89,"column":19}},"89":{"start":{"line":90,"column":0},"end":{"line":90,"column":17}},"90":{"start":{"line":91,"column":0},"end":{"line":91,"column":0}},"91":{"start":{"line":92,"column":0},"end":{"line":92,"column":30}},"92":{"start":{"line":93,"column":0},"end":{"line":93,"column":19}},"93":{"start":{"line":94,"column":0},"end":{"line":94,"column":4}},"94":{"start":{"line":95,"column":0},"end":{"line":95,"column":0}},"95":{"start":{"line":96,"column":0},"end":{"line":96,"column":10}},"96":{"start":{"line":97,"column":0},"end":{"line":97,"column":50}},"97":{"start":{"line":98,"column":0},"end":{"line":98,"column":100}},"98":{"start":{"line":99,"column":0},"end":{"line":99,"column":17}},"99":{"start":{"line":100,"column":0},"end":{"line":100,"column":26}},"100":{"start":{"line":101,"column":0},"end":{"line":101,"column":17}},"101":{"start":{"line":102,"column":0},"end":{"line":102,"column":18}},"102":{"start":{"line":103,"column":0},"end":{"line":103,"column":20}},"103":{"start":{"line":104,"column":0},"end":{"line":104,"column":19}},"104":{"start":{"line":105,"column":0},"end":{"line":105,"column":32}},"105":{"start":{"line":106,"column":0},"end":{"line":106,"column":45}},"106":{"start":{"line":107,"column":0},"end":{"line":107,"column":37}},"107":{"start":{"line":108,"column":0},"end":{"line":108,"column":16}},"108":{"start":{"line":109,"column":0},"end":{"line":109,"column":13}},"109":{"start":{"line":110,"column":0},"end":{"line":110,"column":25}},"110":{"start":{"line":111,"column":0},"end":{"line":111,"column":30}},"111":{"start":{"line":112,"column":0},"end":{"line":112,"column":38}},"112":{"start":{"line":113,"column":0},"end":{"line":113,"column":28}},"113":{"start":{"line":114,"column":0},"end":{"line":114,"column":64}},"114":{"start":{"line":115,"column":0},"end":{"line":115,"column":15}},"115":{"start":{"line":116,"column":0},"end":{"line":116,"column":21}},"116":{"start":{"line":117,"column":0},"end":{"line":117,"column":26}},"117":{"start":{"line":118,"column":0},"end":{"line":118,"column":64}},"118":{"start":{"line":119,"column":0},"end":{"line":119,"column":52}},"119":{"start":{"line":120,"column":0},"end":{"line":120,"column":35}},"120":{"start":{"line":121,"column":0},"end":{"line":121,"column":40}},"121":{"start":{"line":122,"column":0},"end":{"line":122,"column":39}},"122":{"start":{"line":123,"column":0},"end":{"line":123,"column":20}},"123":{"start":{"line":124,"column":0},"end":{"line":124,"column":18}},"124":{"start":{"line":125,"column":0},"end":{"line":125,"column":27}},"125":{"start":{"line":126,"column":0},"end":{"line":126,"column":19}},"126":{"start":{"line":127,"column":0},"end":{"line":127,"column":17}},"127":{"start":{"line":128,"column":0},"end":{"line":128,"column":18}},"128":{"start":{"line":129,"column":0},"end":{"line":129,"column":20}},"129":{"start":{"line":130,"column":0},"end":{"line":130,"column":19}},"130":{"start":{"line":131,"column":0},"end":{"line":131,"column":32}},"131":{"start":{"line":132,"column":0},"end":{"line":132,"column":41}},"132":{"start":{"line":133,"column":0},"end":{"line":133,"column":37}},"133":{"start":{"line":134,"column":0},"end":{"line":134,"column":16}},"134":{"start":{"line":135,"column":0},"end":{"line":135,"column":13}},"135":{"start":{"line":136,"column":0},"end":{"line":136,"column":18}},"136":{"start":{"line":137,"column":0},"end":{"line":137,"column":24}},"137":{"start":{"line":138,"column":0},"end":{"line":138,"column":34}},"138":{"start":{"line":139,"column":0},"end":{"line":139,"column":42}},"139":{"start":{"line":140,"column":0},"end":{"line":140,"column":39}},"140":{"start":{"line":141,"column":0},"end":{"line":141,"column":43}},"141":{"start":{"line":142,"column":0},"end":{"line":142,"column":18}},"142":{"start":{"line":143,"column":0},"end":{"line":143,"column":15}},"143":{"start":{"line":144,"column":0},"end":{"line":144,"column":27}},"144":{"start":{"line":145,"column":0},"end":{"line":145,"column":30}},"145":{"start":{"line":146,"column":0},"end":{"line":146,"column":58}},"146":{"start":{"line":147,"column":0},"end":{"line":147,"column":17}},"147":{"start":{"line":148,"column":0},"end":{"line":148,"column":29}},"148":{"start":{"line":149,"column":0},"end":{"line":149,"column":29}},"149":{"start":{"line":150,"column":0},"end":{"line":150,"column":27}},"150":{"start":{"line":151,"column":0},"end":{"line":151,"column":30}},"151":{"start":{"line":152,"column":0},"end":{"line":152,"column":79}},"152":{"start":{"line":153,"column":0},"end":{"line":153,"column":17}},"153":{"start":{"line":154,"column":0},"end":{"line":154,"column":48}},"154":{"start":{"line":155,"column":0},"end":{"line":155,"column":29}},"155":{"start":{"line":156,"column":0},"end":{"line":156,"column":20}},"156":{"start":{"line":157,"column":0},"end":{"line":157,"column":19}},"157":{"start":{"line":158,"column":0},"end":{"line":158,"column":17}},"158":{"start":{"line":159,"column":0},"end":{"line":159,"column":18}},"159":{"start":{"line":160,"column":0},"end":{"line":160,"column":20}},"160":{"start":{"line":161,"column":0},"end":{"line":161,"column":19}},"161":{"start":{"line":162,"column":0},"end":{"line":162,"column":32}},"162":{"start":{"line":163,"column":0},"end":{"line":163,"column":43}},"163":{"start":{"line":164,"column":0},"end":{"line":164,"column":37}},"164":{"start":{"line":165,"column":0},"end":{"line":165,"column":16}},"165":{"start":{"line":166,"column":0},"end":{"line":166,"column":13}},"166":{"start":{"line":167,"column":0},"end":{"line":167,"column":18}},"167":{"start":{"line":168,"column":0},"end":{"line":168,"column":31}},"168":{"start":{"line":169,"column":0},"end":{"line":169,"column":26}},"169":{"start":{"line":170,"column":0},"end":{"line":170,"column":63}},"170":{"start":{"line":171,"column":0},"end":{"line":171,"column":21}},"171":{"start":{"line":172,"column":0},"end":{"line":172,"column":19}},"172":{"start":{"line":173,"column":0},"end":{"line":173,"column":17}},"173":{"start":{"line":174,"column":0},"end":{"line":174,"column":18}},"174":{"start":{"line":175,"column":0},"end":{"line":175,"column":15}},"175":{"start":{"line":176,"column":0},"end":{"line":176,"column":13}},"176":{"start":{"line":177,"column":0},"end":{"line":177,"column":13}},"177":{"start":{"line":178,"column":0},"end":{"line":178,"column":29}},"178":{"start":{"line":179,"column":0},"end":{"line":179,"column":24}},"179":{"start":{"line":180,"column":0},"end":{"line":180,"column":33}},"180":{"start":{"line":181,"column":0},"end":{"line":181,"column":31}},"181":{"start":{"line":182,"column":0},"end":{"line":182,"column":36}},"182":{"start":{"line":183,"column":0},"end":{"line":183,"column":54}},"183":{"start":{"line":184,"column":0},"end":{"line":184,"column":29}},"184":{"start":{"line":185,"column":0},"end":{"line":185,"column":12}},"185":{"start":{"line":186,"column":0},"end":{"line":186,"column":10}},"186":{"start":{"line":187,"column":0},"end":{"line":187,"column":28}},"187":{"start":{"line":188,"column":0},"end":{"line":188,"column":21}},"188":{"start":{"line":189,"column":0},"end":{"line":189,"column":19}},"189":{"start":{"line":190,"column":0},"end":{"line":190,"column":7}},"190":{"start":{"line":191,"column":0},"end":{"line":191,"column":50}},"191":{"start":{"line":192,"column":0},"end":{"line":192,"column":14}},"192":{"start":{"line":193,"column":0},"end":{"line":193,"column":27}},"193":{"start":{"line":194,"column":0},"end":{"line":194,"column":26}},"194":{"start":{"line":195,"column":0},"end":{"line":195,"column":71}},"195":{"start":{"line":196,"column":0},"end":{"line":196,"column":12}},"196":{"start":{"line":197,"column":0},"end":{"line":197,"column":91}},"197":{"start":{"line":198,"column":0},"end":{"line":198,"column":35}},"198":{"start":{"line":199,"column":0},"end":{"line":199,"column":23}},"199":{"start":{"line":200,"column":0},"end":{"line":200,"column":45}},"200":{"start":{"line":201,"column":0},"end":{"line":201,"column":24}},"201":{"start":{"line":202,"column":0},"end":{"line":202,"column":22}},"202":{"start":{"line":203,"column":0},"end":{"line":203,"column":60}},"203":{"start":{"line":204,"column":0},"end":{"line":204,"column":48}},"204":{"start":{"line":205,"column":0},"end":{"line":205,"column":31}},"205":{"start":{"line":206,"column":0},"end":{"line":206,"column":36}},"206":{"start":{"line":207,"column":0},"end":{"line":207,"column":35}},"207":{"start":{"line":208,"column":0},"end":{"line":208,"column":16}},"208":{"start":{"line":209,"column":0},"end":{"line":209,"column":14}},"209":{"start":{"line":210,"column":0},"end":{"line":210,"column":23}},"210":{"start":{"line":211,"column":0},"end":{"line":211,"column":23}},"211":{"start":{"line":212,"column":0},"end":{"line":212,"column":55}},"212":{"start":{"line":213,"column":0},"end":{"line":213,"column":14}},"213":{"start":{"line":214,"column":0},"end":{"line":214,"column":35}},"214":{"start":{"line":215,"column":0},"end":{"line":215,"column":27}},"215":{"start":{"line":216,"column":0},"end":{"line":216,"column":47}},"216":{"start":{"line":217,"column":0},"end":{"line":217,"column":19}},"217":{"start":{"line":218,"column":0},"end":{"line":218,"column":34}},"218":{"start":{"line":219,"column":0},"end":{"line":219,"column":28}},"219":{"start":{"line":220,"column":0},"end":{"line":220,"column":62}},"220":{"start":{"line":221,"column":0},"end":{"line":221,"column":18}},"221":{"start":{"line":222,"column":0},"end":{"line":222,"column":16}},"222":{"start":{"line":223,"column":0},"end":{"line":223,"column":13}},"223":{"start":{"line":224,"column":0},"end":{"line":224,"column":54}},"224":{"start":{"line":225,"column":0},"end":{"line":225,"column":24}},"225":{"start":{"line":226,"column":0},"end":{"line":226,"column":29}},"226":{"start":{"line":227,"column":0},"end":{"line":227,"column":47}},"227":{"start":{"line":228,"column":0},"end":{"line":228,"column":29}},"228":{"start":{"line":229,"column":0},"end":{"line":229,"column":21}},"229":{"start":{"line":230,"column":0},"end":{"line":230,"column":35}},"230":{"start":{"line":231,"column":0},"end":{"line":231,"column":27}},"231":{"start":{"line":232,"column":0},"end":{"line":232,"column":32}},"232":{"start":{"line":233,"column":0},"end":{"line":233,"column":51}},"233":{"start":{"line":234,"column":0},"end":{"line":234,"column":19}},"234":{"start":{"line":235,"column":0},"end":{"line":235,"column":34}},"235":{"start":{"line":236,"column":0},"end":{"line":236,"column":28}},"236":{"start":{"line":237,"column":0},"end":{"line":237,"column":62}},"237":{"start":{"line":238,"column":0},"end":{"line":238,"column":18}},"238":{"start":{"line":239,"column":0},"end":{"line":239,"column":16}},"239":{"start":{"line":240,"column":0},"end":{"line":240,"column":13}},"240":{"start":{"line":241,"column":0},"end":{"line":241,"column":54}},"241":{"start":{"line":242,"column":0},"end":{"line":242,"column":28}},"242":{"start":{"line":243,"column":0},"end":{"line":243,"column":29}},"243":{"start":{"line":244,"column":0},"end":{"line":244,"column":51}},"244":{"start":{"line":245,"column":0},"end":{"line":245,"column":29}},"245":{"start":{"line":246,"column":0},"end":{"line":246,"column":21}},"246":{"start":{"line":247,"column":0},"end":{"line":247,"column":35}},"247":{"start":{"line":248,"column":0},"end":{"line":248,"column":27}},"248":{"start":{"line":249,"column":0},"end":{"line":249,"column":52}},"249":{"start":{"line":250,"column":0},"end":{"line":250,"column":19}},"250":{"start":{"line":251,"column":0},"end":{"line":251,"column":34}},"251":{"start":{"line":252,"column":0},"end":{"line":252,"column":28}},"252":{"start":{"line":253,"column":0},"end":{"line":253,"column":62}},"253":{"start":{"line":254,"column":0},"end":{"line":254,"column":18}},"254":{"start":{"line":255,"column":0},"end":{"line":255,"column":16}},"255":{"start":{"line":256,"column":0},"end":{"line":256,"column":13}},"256":{"start":{"line":257,"column":0},"end":{"line":257,"column":54}},"257":{"start":{"line":258,"column":0},"end":{"line":258,"column":26}},"258":{"start":{"line":259,"column":0},"end":{"line":259,"column":29}},"259":{"start":{"line":260,"column":0},"end":{"line":260,"column":49}},"260":{"start":{"line":261,"column":0},"end":{"line":261,"column":29}},"261":{"start":{"line":262,"column":0},"end":{"line":262,"column":21}},"262":{"start":{"line":263,"column":0},"end":{"line":263,"column":15}},"263":{"start":{"line":264,"column":0},"end":{"line":264,"column":15}},"264":{"start":{"line":265,"column":0},"end":{"line":265,"column":24}},"265":{"start":{"line":266,"column":0},"end":{"line":266,"column":24}},"266":{"start":{"line":267,"column":0},"end":{"line":267,"column":24}},"267":{"start":{"line":268,"column":0},"end":{"line":268,"column":13}},"268":{"start":{"line":269,"column":0},"end":{"line":269,"column":10}},"269":{"start":{"line":270,"column":0},"end":{"line":270,"column":4}},"270":{"start":{"line":271,"column":0},"end":{"line":271,"column":2}},"271":{"start":{"line":272,"column":0},"end":{"line":272,"column":0}},"272":{"start":{"line":273,"column":0},"end":{"line":273,"column":29}}},"s":{"0":1,"1":1,"2":1,"3":1,"4":1,"5":1,"6":1,"7":1,"8":1,"9":1,"10":1,"11":1,"12":1,"13":1,"14":1,"15":1,"16":1,"17":1,"18":1,"19":1,"20":1,"21":1,"22":1,"23":1,"24":1,"25":1,"26":1,"27":1,"28":1,"29":4,"30":4,"31":4,"32":4,"33":4,"34":1,"35":1,"36":1,"37":1,"38":1,"39":2,"40":2,"41":2,"42":2,"43":2,"44":0,"45":0,"46":0,"47":0,"48":0,"49":0,"50":0,"51":1,"52":1,"53":1,"54":1,"55":2,"56":2,"57":2,"58":2,"59":2,"60":2,"61":2,"62":2,"63":0,"64":0,"65":0,"66":0,"67":0,"68":0,"69":2,"70":1,"71":1,"72":1,"73":2,"74":2,"75":2,"76":2,"77":2,"78":2,"79":2,"80":2,"81":2,"82":2,"83":2,"84":2,"85":2,"86":2,"87":0,"88":0,"89":0,"90":2,"91":2,"92":0,"93":0,"94":2,"95":2,"96":2,"97":2,"98":2,"99":2,"100":2,"101":2,"102":2,"103":2,"104":2,"105":2,"106":2,"107":2,"108":2,"109":2,"110":2,"111":2,"112":2,"113":2,"114":2,"115":2,"116":2,"117":2,"118":2,"119":2,"120":2,"121":2,"122":2,"123":2,"124":2,"125":2,"126":2,"127":2,"128":2,"129":2,"130":2,"131":2,"132":2,"133":2,"134":2,"135":2,"136":2,"137":2,"138":2,"139":2,"140":2,"141":2,"142":2,"143":2,"144":2,"145":2,"146":2,"147":2,"148":2,"149":2,"150":2,"151":2,"152":2,"153":2,"154":2,"155":2,"156":2,"157":2,"158":2,"159":2,"160":2,"161":2,"162":2,"163":2,"164":2,"165":2,"166":2,"167":2,"168":2,"169":2,"170":2,"171":2,"172":2,"173":2,"174":2,"175":2,"176":2,"177":2,"178":2,"179":2,"180":2,"181":2,"182":2,"183":2,"184":2,"185":2,"186":2,"187":2,"188":2,"189":2,"190":2,"191":2,"192":2,"193":2,"194":2,"195":2,"196":2,"197":2,"198":2,"199":2,"200":2,"201":2,"202":2,"203":2,"204":2,"205":2,"206":2,"207":2,"208":2,"209":2,"210":2,"211":2,"212":2,"213":2,"214":2,"215":2,"216":2,"217":2,"218":2,"219":2,"220":2,"221":2,"222":2,"223":2,"224":2,"225":2,"226":2,"227":2,"228":2,"229":2,"230":2,"231":2,"232":2,"233":2,"234":2,"235":2,"236":2,"237":2,"238":2,"239":2,"240":2,"241":2,"242":2,"243":2,"244":2,"245":2,"246":2,"247":2,"248":2,"249":2,"250":2,"251":2,"252":2,"253":2,"254":2,"255":2,"256":2,"257":2,"258":2,"259":2,"260":2,"261":2,"262":2,"263":2,"264":2,"265":2,"266":2,"267":2,"268":2,"269":2,"270":2,"271":1,"272":1},"branchMap":{"0":{"type":"branch","line":29,"loc":{"start":{"line":29,"column":35},"end":{"line":35,"column":2}},"locations":[{"start":{"line":29,"column":35},"end":{"line":35,"column":2}}]},"1":{"type":"branch","line":38,"loc":{"start":{"line":38,"column":21},"end":{"line":38,"column":47}},"locations":[{"start":{"line":38,"column":21},"end":{"line":38,"column":47}}]},"2":{"type":"branch","line":39,"loc":{"start":{"line":39,"column":3},"end":{"line":52,"column":2}},"locations":[{"start":{"line":39,"column":3},"end":{"line":52,"column":2}}]},"3":{"type":"branch","line":44,"loc":{"start":{"line":44,"column":6},"end":{"line":51,"column":5}},"locations":[{"start":{"line":44,"column":6},"end":{"line":51,"column":5}}]},"4":{"type":"branch","line":54,"loc":{"start":{"line":54,"column":48},"end":{"line":54,"column":74}},"locations":[{"start":{"line":54,"column":48},"end":{"line":54,"column":74}}]},"5":{"type":"branch","line":55,"loc":{"start":{"line":55,"column":2},"end":{"line":70,"column":4}},"locations":[{"start":{"line":55,"column":2},"end":{"line":70,"column":4}}]},"6":{"type":"branch","line":63,"loc":{"start":{"line":63,"column":8},"end":{"line":69,"column":7}},"locations":[{"start":{"line":63,"column":8},"end":{"line":69,"column":7}}]},"7":{"type":"branch","line":73,"loc":{"start":{"line":73,"column":22},"end":{"line":271,"column":2}},"locations":[{"start":{"line":73,"column":22},"end":{"line":271,"column":2}}]},"8":{"type":"branch","line":80,"loc":{"start":{"line":80,"column":28},"end":{"line":80,"column":57}},"locations":[{"start":{"line":80,"column":28},"end":{"line":80,"column":57}}]},"9":{"type":"branch","line":81,"loc":{"start":{"line":81,"column":27},"end":{"line":81,"column":65}},"locations":[{"start":{"line":81,"column":27},"end":{"line":81,"column":65}}]},"10":{"type":"branch","line":87,"loc":{"start":{"line":87,"column":8},"end":{"line":90,"column":17}},"locations":[{"start":{"line":87,"column":8},"end":{"line":90,"column":17}}]},"11":{"type":"branch","line":114,"loc":{"start":{"line":114,"column":33},"end":{"line":114,"column":62}},"locations":[{"start":{"line":114,"column":33},"end":{"line":114,"column":62}}]}},"b":{"0":[4],"1":[9],"2":[2],"3":[0],"4":[5],"5":[2],"6":[0],"7":[2],"8":[0],"9":[0],"10":[0],"11":[0]},"fnMap":{"0":{"name":"shouldForwardProp","decl":{"start":{"line":38,"column":21},"end":{"line":38,"column":47}},"loc":{"start":{"line":38,"column":21},"end":{"line":38,"column":47}},"line":38},"1":{"name":"shouldForwardProp","decl":{"start":{"line":54,"column":48},"end":{"line":54,"column":74}},"loc":{"start":{"line":54,"column":48},"end":{"line":54,"column":74}},"line":54},"2":{"name":"MenuContainer","decl":{"start":{"line":73,"column":22},"end":{"line":271,"column":2}},"loc":{"start":{"line":73,"column":22},"end":{"line":271,"column":2}},"line":73},"3":{"name":"handleDrawer","decl":{"start":{"line":92,"column":23},"end":{"line":94,"column":4}},"loc":{"start":{"line":92,"column":23},"end":{"line":94,"column":4}},"line":92},"4":{"name":"onClick","decl":{"start":{"line":216,"column":23},"end":{"line":216,"column":47}},"loc":{"start":{"line":216,"column":23},"end":{"line":216,"column":47}},"line":216},"5":{"name":"onClick","decl":{"start":{"line":233,"column":23},"end":{"line":233,"column":51}},"loc":{"start":{"line":233,"column":23},"end":{"line":233,"column":51}},"line":233},"6":{"name":"onClick","decl":{"start":{"line":249,"column":23},"end":{"line":249,"column":52}},"loc":{"start":{"line":249,"column":23},"end":{"line":249,"column":52}},"line":249}},"f":{"0":9,"1":5,"2":2,"3":0,"4":0,"5":0,"6":0}}
,"C:\\Users\\Rodne\\Documents\\CS392\\BudgetBuddy\\src\\pages\\InsightsPage.jsx": {"path":"C:\\Users\\Rodne\\Documents\\CS392\\BudgetBuddy\\src\\pages\\InsightsPage.jsx","all":false,"statementMap":{"0":{"start":{"line":1,"column":0},"end":{"line":1,"column":56}},"1":{"start":{"line":2,"column":0},"end":{"line":2,"column":50}},"2":{"start":{"line":3,"column":0},"end":{"line":3,"column":48}},"3":{"start":{"line":4,"column":0},"end":{"line":4,"column":49}},"4":{"start":{"line":5,"column":0},"end":{"line":5,"column":44}},"5":{"start":{"line":6,"column":0},"end":{"line":6,"column":62}},"6":{"start":{"line":7,"column":0},"end":{"line":7,"column":49}},"7":{"start":{"line":8,"column":0},"end":{"line":8,"column":41}},"8":{"start":{"line":9,"column":0},"end":{"line":9,"column":62}},"9":{"start":{"line":10,"column":0},"end":{"line":10,"column":0}},"10":{"start":{"line":11,"column":0},"end":{"line":11,"column":28}},"11":{"start":{"line":12,"column":0},"end":{"line":12,"column":52}},"12":{"start":{"line":13,"column":0},"end":{"line":13,"column":42}},"13":{"start":{"line":14,"column":0},"end":{"line":14,"column":42}},"14":{"start":{"line":15,"column":0},"end":{"line":15,"column":61}},"15":{"start":{"line":16,"column":0},"end":{"line":16,"column":58}},"16":{"start":{"line":17,"column":0},"end":{"line":17,"column":0}},"17":{"start":{"line":18,"column":0},"end":{"line":18,"column":24}},"18":{"start":{"line":19,"column":0},"end":{"line":19,"column":34}},"19":{"start":{"line":20,"column":0},"end":{"line":20,"column":54}},"20":{"start":{"line":21,"column":0},"end":{"line":21,"column":0}},"21":{"start":{"line":22,"column":0},"end":{"line":22,"column":72}},"22":{"start":{"line":23,"column":0},"end":{"line":23,"column":51}},"23":{"start":{"line":24,"column":0},"end":{"line":24,"column":0}},"24":{"start":{"line":25,"column":0},"end":{"line":25,"column":50}},"25":{"start":{"line":26,"column":0},"end":{"line":26,"column":28}},"26":{"start":{"line":27,"column":0},"end":{"line":27,"column":41}},"27":{"start":{"line":28,"column":0},"end":{"line":28,"column":44}},"28":{"start":{"line":29,"column":0},"end":{"line":29,"column":5}},"29":{"start":{"line":30,"column":0},"end":{"line":30,"column":0}},"30":{"start":{"line":31,"column":0},"end":{"line":31,"column":57}},"31":{"start":{"line":32,"column":0},"end":{"line":32,"column":28}},"32":{"start":{"line":33,"column":0},"end":{"line":33,"column":41}},"33":{"start":{"line":34,"column":0},"end":{"line":34,"column":54}},"34":{"start":{"line":35,"column":0},"end":{"line":35,"column":44}},"35":{"start":{"line":36,"column":0},"end":{"line":36,"column":43}},"36":{"start":{"line":37,"column":0},"end":{"line":37,"column":0}},"37":{"start":{"line":38,"column":0},"end":{"line":38,"column":29}},"38":{"start":{"line":39,"column":0},"end":{"line":39,"column":5}},"39":{"start":{"line":40,"column":0},"end":{"line":40,"column":19}},"40":{"start":{"line":41,"column":0},"end":{"line":41,"column":30}},"41":{"start":{"line":42,"column":0},"end":{"line":42,"column":26}},"42":{"start":{"line":43,"column":0},"end":{"line":43,"column":46}},"43":{"start":{"line":44,"column":0},"end":{"line":44,"column":47}},"44":{"start":{"line":45,"column":0},"end":{"line":45,"column":47}},"45":{"start":{"line":46,"column":0},"end":{"line":46,"column":0}},"46":{"start":{"line":47,"column":0},"end":{"line":47,"column":29}},"47":{"start":{"line":48,"column":0},"end":{"line":48,"column":36}},"48":{"start":{"line":49,"column":0},"end":{"line":49,"column":76}},"49":{"start":{"line":50,"column":0},"end":{"line":50,"column":8}},"50":{"start":{"line":51,"column":0},"end":{"line":51,"column":26}},"51":{"start":{"line":52,"column":0},"end":{"line":52,"column":26}},"52":{"start":{"line":53,"column":0},"end":{"line":53,"column":0}},"53":{"start":{"line":54,"column":0},"end":{"line":54,"column":41}},"54":{"start":{"line":55,"column":0},"end":{"line":55,"column":48}},"55":{"start":{"line":56,"column":0},"end":{"line":56,"column":0}},"56":{"start":{"line":57,"column":0},"end":{"line":57,"column":61}},"57":{"start":{"line":58,"column":0},"end":{"line":58,"column":52}},"58":{"start":{"line":59,"column":0},"end":{"line":59,"column":11}},"59":{"start":{"line":60,"column":0},"end":{"line":60,"column":10}},"60":{"start":{"line":61,"column":0},"end":{"line":61,"column":8}},"61":{"start":{"line":62,"column":0},"end":{"line":62,"column":54}},"62":{"start":{"line":63,"column":0},"end":{"line":63,"column":74}},"63":{"start":{"line":64,"column":0},"end":{"line":64,"column":56}},"64":{"start":{"line":65,"column":0},"end":{"line":65,"column":34}},"65":{"start":{"line":66,"column":0},"end":{"line":66,"column":49}},"66":{"start":{"line":67,"column":0},"end":{"line":67,"column":0}},"67":{"start":{"line":68,"column":0},"end":{"line":68,"column":57}},"68":{"start":{"line":69,"column":0},"end":{"line":69,"column":18}},"69":{"start":{"line":70,"column":0},"end":{"line":70,"column":44}},"70":{"start":{"line":71,"column":0},"end":{"line":71,"column":73}},"71":{"start":{"line":72,"column":0},"end":{"line":72,"column":37}},"72":{"start":{"line":73,"column":0},"end":{"line":73,"column":67}},"73":{"start":{"line":74,"column":0},"end":{"line":74,"column":70}},"74":{"start":{"line":75,"column":0},"end":{"line":75,"column":15}},"75":{"start":{"line":76,"column":0},"end":{"line":76,"column":28}},"76":{"start":{"line":77,"column":0},"end":{"line":77,"column":12}},"77":{"start":{"line":78,"column":0},"end":{"line":78,"column":11}},"78":{"start":{"line":79,"column":0},"end":{"line":79,"column":0}},"79":{"start":{"line":80,"column":0},"end":{"line":80,"column":39}},"80":{"start":{"line":81,"column":0},"end":{"line":81,"column":7}},"81":{"start":{"line":82,"column":0},"end":{"line":82,"column":25}},"82":{"start":{"line":83,"column":0},"end":{"line":83,"column":26}},"83":{"start":{"line":84,"column":0},"end":{"line":84,"column":6}},"84":{"start":{"line":85,"column":0},"end":{"line":85,"column":6}},"85":{"start":{"line":86,"column":0},"end":{"line":86,"column":0}},"86":{"start":{"line":87,"column":0},"end":{"line":87,"column":11}},"87":{"start":{"line":88,"column":0},"end":{"line":88,"column":9}},"88":{"start":{"line":89,"column":0},"end":{"line":89,"column":10}},"89":{"start":{"line":90,"column":0},"end":{"line":90,"column":44}},"90":{"start":{"line":91,"column":0},"end":{"line":91,"column":38}},"91":{"start":{"line":92,"column":0},"end":{"line":92,"column":54}},"92":{"start":{"line":93,"column":0},"end":{"line":93,"column":91}},"93":{"start":{"line":94,"column":0},"end":{"line":94,"column":29}},"94":{"start":{"line":95,"column":0},"end":{"line":95,"column":23}},"95":{"start":{"line":96,"column":0},"end":{"line":96,"column":19}},"96":{"start":{"line":97,"column":0},"end":{"line":97,"column":36}},"97":{"start":{"line":98,"column":0},"end":{"line":98,"column":68}},"98":{"start":{"line":99,"column":0},"end":{"line":99,"column":12}},"99":{"start":{"line":100,"column":0},"end":{"line":100,"column":50}},"100":{"start":{"line":101,"column":0},"end":{"line":101,"column":36}},"101":{"start":{"line":102,"column":0},"end":{"line":102,"column":23}},"102":{"start":{"line":103,"column":0},"end":{"line":103,"column":72}},"103":{"start":{"line":104,"column":0},"end":{"line":104,"column":78}},"104":{"start":{"line":105,"column":0},"end":{"line":105,"column":76}},"105":{"start":{"line":106,"column":0},"end":{"line":106,"column":23}},"106":{"start":{"line":107,"column":0},"end":{"line":107,"column":72}},"107":{"start":{"line":108,"column":0},"end":{"line":108,"column":69}},"108":{"start":{"line":109,"column":0},"end":{"line":109,"column":61}},"109":{"start":{"line":110,"column":0},"end":{"line":110,"column":23}},"110":{"start":{"line":111,"column":0},"end":{"line":111,"column":14}},"111":{"start":{"line":112,"column":0},"end":{"line":112,"column":22}},"112":{"start":{"line":113,"column":0},"end":{"line":113,"column":23}},"113":{"start":{"line":114,"column":0},"end":{"line":114,"column":4}},"114":{"start":{"line":115,"column":0},"end":{"line":115,"column":2}},"115":{"start":{"line":116,"column":0},"end":{"line":116,"column":0}},"116":{"start":{"line":117,"column":0},"end":{"line":117,"column":28}}},"s":{"0":1,"1":1,"2":1,"3":1,"4":1,"5":1,"6":1,"7":1,"8":1,"9":1,"10":1,"11":2,"12":2,"13":2,"14":2,"15":2,"16":2,"17":2,"18":2,"19":2,"20":2,"21":2,"22":2,"23":2,"24":2,"25":14,"26":14,"27":14,"28":2,"29":2,"30":2,"31":14,"32":14,"33":14,"34":14,"35":14,"36":14,"37":14,"38":2,"39":2,"40":1,"41":1,"42":1,"43":1,"44":1,"45":1,"46":1,"47":1,"48":1,"49":1,"50":1,"51":1,"52":1,"53":1,"54":1,"55":1,"56":1,"57":1,"58":1,"59":1,"60":1,"61":1,"62":1,"63":1,"64":1,"65":1,"66":1,"67":1,"68":3,"69":3,"70":21,"71":21,"72":21,"73":21,"74":3,"75":3,"76":3,"77":1,"78":1,"79":1,"80":1,"81":1,"82":1,"83":1,"84":1,"85":1,"86":1,"87":2,"88":2,"89":2,"90":2,"91":2,"92":2,"93":2,"94":2,"95":2,"96":2,"97":2,"98":2,"99":2,"100":2,"101":2,"102":2,"103":2,"104":2,"105":2,"106":2,"107":2,"108":2,"109":2,"110":2,"111":2,"112":2,"113":2,"114":2,"115":1,"116":1},"branchMap":{"0":{"type":"branch","line":11,"loc":{"start":{"line":11,"column":21},"end":{"line":115,"column":2}},"locations":[{"start":{"line":11,"column":21},"end":{"line":115,"column":2}}]},"1":{"type":"branch","line":25,"loc":{"start":{"line":25,"column":39},"end":{"line":29,"column":3}},"locations":[{"start":{"line":25,"column":39},"end":{"line":29,"column":3}}]},"2":{"type":"branch","line":31,"loc":{"start":{"line":31,"column":46},"end":{"line":39,"column":3}},"locations":[{"start":{"line":31,"column":46},"end":{"line":39,"column":3}}]},"3":{"type":"branch","line":40,"loc":{"start":{"line":40,"column":12},"end":{"line":88,"column":5}},"locations":[{"start":{"line":40,"column":12},"end":{"line":88,"column":5}}]},"4":{"type":"branch","line":41,"loc":{"start":{"line":41,"column":17},"end":{"line":85,"column":6}},"locations":[{"start":{"line":41,"column":17},"end":{"line":85,"column":6}}]},"5":{"type":"branch","line":58,"loc":{"start":{"line":58,"column":10},"end":{"line":58,"column":52}},"locations":[{"start":{"line":58,"column":10},"end":{"line":58,"column":52}}]},"6":{"type":"branch","line":68,"loc":{"start":{"line":68,"column":42},"end":{"line":78,"column":9}},"locations":[{"start":{"line":68,"column":42},"end":{"line":78,"column":9}}]},"7":{"type":"branch","line":70,"loc":{"start":{"line":70,"column":33},"end":{"line":75,"column":13}},"locations":[{"start":{"line":70,"column":33},"end":{"line":75,"column":13}}]}},"b":{"0":[2],"1":[14],"2":[14],"3":[1],"4":[1],"5":[3],"6":[3],"7":[21]},"fnMap":{"0":{"name":"InsightsPage","decl":{"start":{"line":11,"column":21},"end":{"line":115,"column":2}},"loc":{"start":{"line":11,"column":21},"end":{"line":115,"column":2}},"line":11},"1":{"name":"init","decl":{"start":{"line":41,"column":17},"end":{"line":85,"column":6}},"loc":{"start":{"line":41,"column":17},"end":{"line":85,"column":6}},"line":41}},"f":{"0":2,"1":1}}
,"C:\\Users\\Rodne\\Documents\\CS392\\BudgetBuddy\\src\\utility\\aggregateData.js": {"path":"C:\\Users\\Rodne\\Documents\\CS392\\BudgetBuddy\\src\\utility\\aggregateData.js","all":false,"statementMap":{"0":{"start":{"line":1,"column":0},"end":{"line":1,"column":64}},"1":{"start":{"line":2,"column":0},"end":{"line":2,"column":32}},"2":{"start":{"line":3,"column":0},"end":{"line":3,"column":59}},"3":{"start":{"line":4,"column":0},"end":{"line":4,"column":4}},"4":{"start":{"line":5,"column":0},"end":{"line":5,"column":2}},"5":{"start":{"line":6,"column":0},"end":{"line":6,"column":0}},"6":{"start":{"line":7,"column":0},"end":{"line":7,"column":62}},"7":{"start":{"line":8,"column":0},"end":{"line":8,"column":37}},"8":{"start":{"line":9,"column":0},"end":{"line":9,"column":21}},"9":{"start":{"line":10,"column":0},"end":{"line":10,"column":48}},"10":{"start":{"line":11,"column":0},"end":{"line":11,"column":58}},"11":{"start":{"line":12,"column":0},"end":{"line":12,"column":29}},"12":{"start":{"line":13,"column":0},"end":{"line":13,"column":8}},"13":{"start":{"line":14,"column":0},"end":{"line":14,"column":1}},"14":{"start":{"line":15,"column":0},"end":{"line":15,"column":0}},"15":{"start":{"line":16,"column":0},"end":{"line":16,"column":45}},"16":{"start":{"line":17,"column":0},"end":{"line":17,"column":24}},"17":{"start":{"line":18,"column":0},"end":{"line":18,"column":18}},"18":{"start":{"line":19,"column":0},"end":{"line":19,"column":11}},"19":{"start":{"line":20,"column":0},"end":{"line":20,"column":15}},"20":{"start":{"line":21,"column":0},"end":{"line":21,"column":19}},"21":{"start":{"line":22,"column":0},"end":{"line":22,"column":20}},"22":{"start":{"line":23,"column":0},"end":{"line":23,"column":21}},"23":{"start":{"line":24,"column":0},"end":{"line":24,"column":8}},"24":{"start":{"line":25,"column":0},"end":{"line":25,"column":6}},"25":{"start":{"line":26,"column":0},"end":{"line":26,"column":11}},"26":{"start":{"line":27,"column":0},"end":{"line":27,"column":15}},"27":{"start":{"line":28,"column":0},"end":{"line":28,"column":19}},"28":{"start":{"line":29,"column":0},"end":{"line":29,"column":21}},"29":{"start":{"line":30,"column":0},"end":{"line":30,"column":22}},"30":{"start":{"line":31,"column":0},"end":{"line":31,"column":8}},"31":{"start":{"line":32,"column":0},"end":{"line":32,"column":6}},"32":{"start":{"line":33,"column":0},"end":{"line":33,"column":16}},"33":{"start":{"line":34,"column":0},"end":{"line":34,"column":15}},"34":{"start":{"line":35,"column":0},"end":{"line":35,"column":19}},"35":{"start":{"line":36,"column":0},"end":{"line":36,"column":16}},"36":{"start":{"line":37,"column":0},"end":{"line":37,"column":15}},"37":{"start":{"line":38,"column":0},"end":{"line":38,"column":8}},"38":{"start":{"line":39,"column":0},"end":{"line":39,"column":6}},"39":{"start":{"line":40,"column":0},"end":{"line":40,"column":4}},"40":{"start":{"line":41,"column":0},"end":{"line":41,"column":134}},"41":{"start":{"line":42,"column":0},"end":{"line":42,"column":36}},"42":{"start":{"line":43,"column":0},"end":{"line":43,"column":59}},"43":{"start":{"line":44,"column":0},"end":{"line":44,"column":69}},"44":{"start":{"line":45,"column":0},"end":{"line":45,"column":16}},"45":{"start":{"line":46,"column":0},"end":{"line":46,"column":6}},"46":{"start":{"line":47,"column":0},"end":{"line":47,"column":44}},"47":{"start":{"line":48,"column":0},"end":{"line":48,"column":5}},"48":{"start":{"line":49,"column":0},"end":{"line":49,"column":0}},"49":{"start":{"line":50,"column":0},"end":{"line":50,"column":35}},"50":{"start":{"line":51,"column":0},"end":{"line":51,"column":2}},"51":{"start":{"line":52,"column":0},"end":{"line":52,"column":0}},"52":{"start":{"line":53,"column":0},"end":{"line":53,"column":58}},"53":{"start":{"line":54,"column":0},"end":{"line":54,"column":29}},"54":{"start":{"line":55,"column":0},"end":{"line":55,"column":0}},"55":{"start":{"line":56,"column":0},"end":{"line":56,"column":40}},"56":{"start":{"line":57,"column":0},"end":{"line":57,"column":60}},"57":{"start":{"line":58,"column":0},"end":{"line":58,"column":40}},"58":{"start":{"line":59,"column":0},"end":{"line":59,"column":55}},"59":{"start":{"line":60,"column":0},"end":{"line":60,"column":70}},"60":{"start":{"line":61,"column":0},"end":{"line":61,"column":14}},"61":{"start":{"line":62,"column":0},"end":{"line":62,"column":69}},"62":{"start":{"line":63,"column":0},"end":{"line":63,"column":7}},"63":{"start":{"line":64,"column":0},"end":{"line":64,"column":12}},"64":{"start":{"line":65,"column":0},"end":{"line":65,"column":37}},"65":{"start":{"line":66,"column":0},"end":{"line":66,"column":22}},"66":{"start":{"line":67,"column":0},"end":{"line":67,"column":46}},"67":{"start":{"line":68,"column":0},"end":{"line":68,"column":8}},"68":{"start":{"line":69,"column":0},"end":{"line":69,"column":5}},"69":{"start":{"line":70,"column":0},"end":{"line":70,"column":5}},"70":{"start":{"line":71,"column":0},"end":{"line":71,"column":27}},"71":{"start":{"line":72,"column":0},"end":{"line":72,"column":2}}},"s":{"0":1,"1":0,"2":0,"3":0,"4":0,"5":1,"6":1,"7":21,"8":21,"9":21,"10":21,"11":21,"12":21,"13":21,"14":1,"15":1,"16":0,"17":0,"18":0,"19":0,"20":0,"21":0,"22":0,"23":0,"24":0,"25":0,"26":0,"27":0,"28":0,"29":0,"30":0,"31":0,"32":0,"33":0,"34":0,"35":0,"36":0,"37":0,"38":0,"39":0,"40":0,"41":0,"42":0,"43":0,"44":0,"45":0,"46":0,"47":0,"48":0,"49":0,"50":0,"51":1,"52":1,"53":0,"54":0,"55":0,"56":0,"57":0,"58":0,"59":0,"60":0,"61":0,"62":0,"63":0,"64":0,"65":0,"66":0,"67":0,"68":0,"69":0,"70":0,"71":0},"branchMap":{"0":{"type":"branch","line":7,"loc":{"start":{"line":7,"column":34},"end":{"line":14,"column":1}},"locations":[{"start":{"line":7,"column":34},"end":{"line":14,"column":1}}]},"1":{"type":"branch","line":10,"loc":{"start":{"line":10,"column":34},"end":{"line":13,"column":5}},"locations":[{"start":{"line":10,"column":34},"end":{"line":13,"column":5}}]}},"b":{"0":[21],"1":[21]},"fnMap":{"0":{"name":"getExpensesForMonth","decl":{"start":{"line":1,"column":35},"end":{"line":5,"column":2}},"loc":{"start":{"line":1,"column":35},"end":{"line":5,"column":2}},"line":1},"1":{"name":"getExpensesForDate","decl":{"start":{"line":7,"column":34},"end":{"line":14,"column":1}},"loc":{"start":{"line":7,"column":34},"end":{"line":14,"column":1}},"line":7},"2":{"name":"AggData","decl":{"start":{"line":16,"column":23},"end":{"line":51,"column":2}},"loc":{"start":{"line":16,"column":23},"end":{"line":51,"column":2}},"line":16},"3":{"name":"getAggregateExpenses","decl":{"start":{"line":53,"column":36},"end":{"line":72,"column":2}},"loc":{"start":{"line":53,"column":36},"end":{"line":72,"column":2}},"line":53}},"f":{"0":0,"1":21,"2":0,"3":0}}
,"C:\\Users\\Rodne\\Documents\\CS392\\BudgetBuddy\\src\\utility\\firebase.js": {"path":"C:\\Users\\Rodne\\Documents\\CS392\\BudgetBuddy\\src\\utility\\firebase.js","all":false,"statementMap":{"0":{"start":{"line":1,"column":0},"end":{"line":1,"column":78}},"1":{"start":{"line":2,"column":0},"end":{"line":2,"column":85}},"2":{"start":{"line":3,"column":0},"end":{"line":3,"column":8}},"3":{"start":{"line":4,"column":0},"end":{"line":4,"column":15}},"4":{"start":{"line":5,"column":0},"end":{"line":5,"column":6}},"5":{"start":{"line":6,"column":0},"end":{"line":6,"column":9}},"6":{"start":{"line":7,"column":0},"end":{"line":7,"column":12}},"7":{"start":{"line":8,"column":0},"end":{"line":8,"column":9}},"8":{"start":{"line":9,"column":0},"end":{"line":9,"column":68}},"9":{"start":{"line":10,"column":0},"end":{"line":10,"column":8}},"10":{"start":{"line":11,"column":0},"end":{"line":11,"column":10}},"11":{"start":{"line":12,"column":0},"end":{"line":12,"column":21}},"12":{"start":{"line":13,"column":0},"end":{"line":13,"column":21}},"13":{"start":{"line":14,"column":0},"end":{"line":14,"column":18}},"14":{"start":{"line":15,"column":0},"end":{"line":15,"column":10}},"15":{"start":{"line":16,"column":0},"end":{"line":16,"column":29}},"16":{"start":{"line":17,"column":0},"end":{"line":17,"column":63}},"17":{"start":{"line":18,"column":0},"end":{"line":18,"column":0}},"18":{"start":{"line":19,"column":0},"end":{"line":19,"column":24}},"19":{"start":{"line":20,"column":0},"end":{"line":20,"column":52}},"20":{"start":{"line":21,"column":0},"end":{"line":21,"column":50}},"21":{"start":{"line":22,"column":0},"end":{"line":22,"column":33}},"22":{"start":{"line":23,"column":0},"end":{"line":23,"column":49}},"23":{"start":{"line":24,"column":0},"end":{"line":24,"column":36}},"24":{"start":{"line":25,"column":0},"end":{"line":25,"column":53}},"25":{"start":{"line":26,"column":0},"end":{"line":26,"column":32}},"26":{"start":{"line":27,"column":0},"end":{"line":27,"column":2}},"27":{"start":{"line":28,"column":0},"end":{"line":28,"column":0}},"28":{"start":{"line":29,"column":0},"end":{"line":29,"column":42}},"29":{"start":{"line":30,"column":0},"end":{"line":30,"column":29}},"30":{"start":{"line":31,"column":0},"end":{"line":31,"column":26}},"31":{"start":{"line":32,"column":0},"end":{"line":32,"column":0}},"32":{"start":{"line":33,"column":0},"end":{"line":33,"column":42}},"33":{"start":{"line":34,"column":0},"end":{"line":34,"column":59}},"34":{"start":{"line":35,"column":0},"end":{"line":35,"column":0}},"35":{"start":{"line":36,"column":0},"end":{"line":36,"column":44}},"36":{"start":{"line":37,"column":0},"end":{"line":37,"column":28}},"37":{"start":{"line":38,"column":0},"end":{"line":38,"column":37}},"38":{"start":{"line":39,"column":0},"end":{"line":39,"column":0}},"39":{"start":{"line":40,"column":0},"end":{"line":40,"column":65}},"40":{"start":{"line":41,"column":0},"end":{"line":41,"column":0}},"41":{"start":{"line":42,"column":0},"end":{"line":42,"column":16}},"42":{"start":{"line":43,"column":0},"end":{"line":43,"column":2}},"43":{"start":{"line":44,"column":0},"end":{"line":44,"column":0}},"44":{"start":{"line":45,"column":0},"end":{"line":45,"column":41}},"45":{"start":{"line":46,"column":0},"end":{"line":46,"column":33}},"46":{"start":{"line":47,"column":0},"end":{"line":47,"column":29}},"47":{"start":{"line":48,"column":0},"end":{"line":48,"column":31}},"48":{"start":{"line":49,"column":0},"end":{"line":49,"column":0}},"49":{"start":{"line":50,"column":0},"end":{"line":50,"column":73}},"50":{"start":{"line":51,"column":0},"end":{"line":51,"column":79}},"51":{"start":{"line":52,"column":0},"end":{"line":52,"column":0}},"52":{"start":{"line":53,"column":0},"end":{"line":53,"column":39}},"53":{"start":{"line":54,"column":0},"end":{"line":54,"column":63}},"54":{"start":{"line":55,"column":0},"end":{"line":55,"column":49}},"55":{"start":{"line":56,"column":0},"end":{"line":56,"column":35}},"56":{"start":{"line":57,"column":0},"end":{"line":57,"column":14}},"57":{"start":{"line":58,"column":0},"end":{"line":58,"column":59}},"58":{"start":{"line":59,"column":0},"end":{"line":59,"column":71}},"59":{"start":{"line":60,"column":0},"end":{"line":60,"column":32}},"60":{"start":{"line":61,"column":0},"end":{"line":61,"column":52}},"61":{"start":{"line":62,"column":0},"end":{"line":62,"column":0}},"62":{"start":{"line":63,"column":0},"end":{"line":63,"column":49}},"63":{"start":{"line":64,"column":0},"end":{"line":64,"column":50}},"64":{"start":{"line":65,"column":0},"end":{"line":65,"column":51}},"65":{"start":{"line":66,"column":0},"end":{"line":66,"column":41}},"66":{"start":{"line":67,"column":0},"end":{"line":67,"column":20}},"67":{"start":{"line":68,"column":0},"end":{"line":68,"column":7}},"68":{"start":{"line":69,"column":0},"end":{"line":69,"column":6}},"69":{"start":{"line":70,"column":0},"end":{"line":70,"column":23}},"70":{"start":{"line":71,"column":0},"end":{"line":71,"column":27}},"71":{"start":{"line":72,"column":0},"end":{"line":72,"column":7}},"72":{"start":{"line":73,"column":0},"end":{"line":73,"column":2}},"73":{"start":{"line":74,"column":0},"end":{"line":74,"column":0}},"74":{"start":{"line":75,"column":0},"end":{"line":75,"column":31}},"75":{"start":{"line":76,"column":0},"end":{"line":76,"column":56}},"76":{"start":{"line":77,"column":0},"end":{"line":77,"column":20}},"77":{"start":{"line":78,"column":0},"end":{"line":78,"column":2}},"78":{"start":{"line":79,"column":0},"end":{"line":79,"column":0}},"79":{"start":{"line":80,"column":0},"end":{"line":80,"column":36}},"80":{"start":{"line":81,"column":0},"end":{"line":81,"column":16}},"81":{"start":{"line":82,"column":0},"end":{"line":82,"column":40}},"82":{"start":{"line":83,"column":0},"end":{"line":83,"column":34}},"83":{"start":{"line":84,"column":0},"end":{"line":84,"column":38}},"84":{"start":{"line":85,"column":0},"end":{"line":85,"column":33}},"85":{"start":{"line":86,"column":0},"end":{"line":86,"column":14}},"86":{"start":{"line":87,"column":0},"end":{"line":87,"column":2}},"87":{"start":{"line":88,"column":0},"end":{"line":88,"column":0}},"88":{"start":{"line":89,"column":0},"end":{"line":89,"column":40}},"89":{"start":{"line":90,"column":0},"end":{"line":90,"column":43}},"90":{"start":{"line":91,"column":0},"end":{"line":91,"column":44}},"91":{"start":{"line":92,"column":0},"end":{"line":92,"column":0}},"92":{"start":{"line":93,"column":0},"end":{"line":93,"column":27}},"93":{"start":{"line":94,"column":0},"end":{"line":94,"column":2}},"94":{"start":{"line":95,"column":0},"end":{"line":95,"column":0}},"95":{"start":{"line":96,"column":0},"end":{"line":96,"column":46}},"96":{"start":{"line":97,"column":0},"end":{"line":97,"column":33}},"97":{"start":{"line":98,"column":0},"end":{"line":98,"column":29}},"98":{"start":{"line":99,"column":0},"end":{"line":99,"column":31}},"99":{"start":{"line":100,"column":0},"end":{"line":100,"column":0}},"100":{"start":{"line":101,"column":0},"end":{"line":101,"column":57}},"101":{"start":{"line":102,"column":0},"end":{"line":102,"column":0}},"102":{"start":{"line":103,"column":0},"end":{"line":103,"column":23}},"103":{"start":{"line":104,"column":0},"end":{"line":104,"column":41}},"104":{"start":{"line":105,"column":0},"end":{"line":105,"column":14}},"105":{"start":{"line":106,"column":0},"end":{"line":106,"column":54}},"106":{"start":{"line":107,"column":0},"end":{"line":107,"column":26}},"107":{"start":{"line":108,"column":0},"end":{"line":108,"column":28}},"108":{"start":{"line":109,"column":0},"end":{"line":109,"column":40}},"109":{"start":{"line":110,"column":0},"end":{"line":110,"column":34}},"110":{"start":{"line":111,"column":0},"end":{"line":111,"column":27}},"111":{"start":{"line":112,"column":0},"end":{"line":112,"column":21}},"112":{"start":{"line":113,"column":0},"end":{"line":113,"column":74}},"113":{"start":{"line":114,"column":0},"end":{"line":114,"column":76}},"114":{"start":{"line":115,"column":0},"end":{"line":115,"column":69}},"115":{"start":{"line":116,"column":0},"end":{"line":116,"column":12}},"116":{"start":{"line":117,"column":0},"end":{"line":117,"column":10}},"117":{"start":{"line":118,"column":0},"end":{"line":118,"column":0}},"118":{"start":{"line":119,"column":0},"end":{"line":119,"column":60}},"119":{"start":{"line":120,"column":0},"end":{"line":120,"column":0}},"120":{"start":{"line":121,"column":0},"end":{"line":121,"column":52}},"121":{"start":{"line":122,"column":0},"end":{"line":122,"column":0}},"122":{"start":{"line":123,"column":0},"end":{"line":123,"column":49}},"123":{"start":{"line":124,"column":0},"end":{"line":124,"column":50}},"124":{"start":{"line":125,"column":0},"end":{"line":125,"column":51}},"125":{"start":{"line":126,"column":0},"end":{"line":126,"column":41}},"126":{"start":{"line":127,"column":0},"end":{"line":127,"column":20}},"127":{"start":{"line":128,"column":0},"end":{"line":128,"column":7}},"128":{"start":{"line":129,"column":0},"end":{"line":129,"column":6}},"129":{"start":{"line":130,"column":0},"end":{"line":130,"column":23}},"130":{"start":{"line":131,"column":0},"end":{"line":131,"column":27}},"131":{"start":{"line":132,"column":0},"end":{"line":132,"column":7}},"132":{"start":{"line":133,"column":0},"end":{"line":133,"column":2}},"133":{"start":{"line":134,"column":0},"end":{"line":134,"column":0}},"134":{"start":{"line":135,"column":0},"end":{"line":135,"column":46}},"135":{"start":{"line":136,"column":0},"end":{"line":136,"column":46}},"136":{"start":{"line":137,"column":0},"end":{"line":137,"column":43}},"137":{"start":{"line":138,"column":0},"end":{"line":138,"column":44}},"138":{"start":{"line":139,"column":0},"end":{"line":139,"column":45}},"139":{"start":{"line":140,"column":0},"end":{"line":140,"column":35}},"140":{"start":{"line":141,"column":0},"end":{"line":141,"column":14}},"141":{"start":{"line":142,"column":0},"end":{"line":142,"column":2}},"142":{"start":{"line":143,"column":0},"end":{"line":143,"column":0}},"143":{"start":{"line":144,"column":0},"end":{"line":144,"column":33}},"144":{"start":{"line":145,"column":0},"end":{"line":145,"column":41}},"145":{"start":{"line":146,"column":0},"end":{"line":146,"column":0}},"146":{"start":{"line":147,"column":0},"end":{"line":147,"column":12}},"147":{"start":{"line":148,"column":0},"end":{"line":148,"column":17}},"148":{"start":{"line":149,"column":0},"end":{"line":149,"column":3}},"149":{"start":{"line":150,"column":0},"end":{"line":150,"column":0}},"150":{"start":{"line":151,"column":0},"end":{"line":151,"column":42}},"151":{"start":{"line":152,"column":0},"end":{"line":152,"column":44}},"152":{"start":{"line":153,"column":0},"end":{"line":153,"column":26}},"153":{"start":{"line":154,"column":0},"end":{"line":154,"column":33}},"154":{"start":{"line":155,"column":0},"end":{"line":155,"column":31}},"155":{"start":{"line":156,"column":0},"end":{"line":156,"column":0}},"156":{"start":{"line":157,"column":0},"end":{"line":157,"column":34}},"157":{"start":{"line":158,"column":0},"end":{"line":158,"column":19}},"158":{"start":{"line":159,"column":0},"end":{"line":159,"column":5}},"159":{"start":{"line":160,"column":0},"end":{"line":160,"column":0}},"160":{"start":{"line":161,"column":0},"end":{"line":161,"column":21}},"161":{"start":{"line":162,"column":0},"end":{"line":162,"column":10}},"162":{"start":{"line":163,"column":0},"end":{"line":163,"column":17}},"163":{"start":{"line":164,"column":0},"end":{"line":164,"column":3}},"164":{"start":{"line":165,"column":0},"end":{"line":165,"column":2}},"165":{"start":{"line":166,"column":0},"end":{"line":166,"column":0}},"166":{"start":{"line":167,"column":0},"end":{"line":167,"column":43}},"167":{"start":{"line":168,"column":0},"end":{"line":168,"column":9}},"168":{"start":{"line":169,"column":0},"end":{"line":169,"column":9}},"169":{"start":{"line":170,"column":0},"end":{"line":170,"column":7}},"170":{"start":{"line":171,"column":0},"end":{"line":171,"column":7}},"171":{"start":{"line":172,"column":0},"end":{"line":172,"column":16}},"172":{"start":{"line":173,"column":0},"end":{"line":173,"column":6}},"173":{"start":{"line":174,"column":0},"end":{"line":174,"column":41}},"174":{"start":{"line":175,"column":0},"end":{"line":175,"column":42}},"175":{"start":{"line":176,"column":0},"end":{"line":176,"column":20}},"176":{"start":{"line":177,"column":0},"end":{"line":177,"column":19}},"177":{"start":{"line":178,"column":0},"end":{"line":178,"column":19}},"178":{"start":{"line":179,"column":0},"end":{"line":179,"column":23}},"179":{"start":{"line":180,"column":0},"end":{"line":180,"column":17}},"180":{"start":{"line":181,"column":0},"end":{"line":181,"column":17}},"181":{"start":{"line":182,"column":0},"end":{"line":182,"column":32}},"182":{"start":{"line":183,"column":0},"end":{"line":183,"column":6}},"183":{"start":{"line":184,"column":0},"end":{"line":184,"column":24}},"184":{"start":{"line":185,"column":0},"end":{"line":185,"column":4}},"185":{"start":{"line":186,"column":0},"end":{"line":186,"column":0}},"186":{"start":{"line":187,"column":0},"end":{"line":187,"column":54}},"187":{"start":{"line":188,"column":0},"end":{"line":188,"column":31}},"188":{"start":{"line":189,"column":0},"end":{"line":189,"column":20}},"189":{"start":{"line":190,"column":0},"end":{"line":190,"column":5}},"190":{"start":{"line":191,"column":0},"end":{"line":191,"column":2}},"191":{"start":{"line":192,"column":0},"end":{"line":192,"column":0}},"192":{"start":{"line":193,"column":0},"end":{"line":193,"column":50}},"193":{"start":{"line":194,"column":0},"end":{"line":194,"column":41}},"194":{"start":{"line":195,"column":0},"end":{"line":195,"column":42}},"195":{"start":{"line":196,"column":0},"end":{"line":196,"column":0}},"196":{"start":{"line":197,"column":0},"end":{"line":197,"column":43}},"197":{"start":{"line":198,"column":0},"end":{"line":198,"column":0}},"198":{"start":{"line":199,"column":0},"end":{"line":199,"column":25}},"199":{"start":{"line":200,"column":0},"end":{"line":200,"column":32}},"200":{"start":{"line":201,"column":0},"end":{"line":201,"column":47}},"201":{"start":{"line":202,"column":0},"end":{"line":202,"column":58}},"202":{"start":{"line":203,"column":0},"end":{"line":203,"column":0}},"203":{"start":{"line":204,"column":0},"end":{"line":204,"column":31}},"204":{"start":{"line":205,"column":0},"end":{"line":205,"column":55}},"205":{"start":{"line":206,"column":0},"end":{"line":206,"column":0}},"206":{"start":{"line":207,"column":0},"end":{"line":207,"column":38}},"207":{"start":{"line":208,"column":0},"end":{"line":208,"column":55}},"208":{"start":{"line":209,"column":0},"end":{"line":209,"column":31}},"209":{"start":{"line":210,"column":0},"end":{"line":210,"column":24}},"210":{"start":{"line":211,"column":0},"end":{"line":211,"column":31}},"211":{"start":{"line":212,"column":0},"end":{"line":212,"column":10}},"212":{"start":{"line":213,"column":0},"end":{"line":213,"column":0}},"213":{"start":{"line":214,"column":0},"end":{"line":214,"column":28}},"214":{"start":{"line":215,"column":0},"end":{"line":215,"column":22}},"215":{"start":{"line":216,"column":0},"end":{"line":216,"column":23}},"216":{"start":{"line":217,"column":0},"end":{"line":217,"column":38}},"217":{"start":{"line":218,"column":0},"end":{"line":218,"column":34}},"218":{"start":{"line":219,"column":0},"end":{"line":219,"column":12}},"219":{"start":{"line":220,"column":0},"end":{"line":220,"column":10}},"220":{"start":{"line":221,"column":0},"end":{"line":221,"column":0}},"221":{"start":{"line":222,"column":0},"end":{"line":222,"column":37}},"222":{"start":{"line":223,"column":0},"end":{"line":223,"column":31}},"223":{"start":{"line":224,"column":0},"end":{"line":224,"column":11}},"224":{"start":{"line":225,"column":0},"end":{"line":225,"column":7}},"225":{"start":{"line":226,"column":0},"end":{"line":226,"column":5}},"226":{"start":{"line":227,"column":0},"end":{"line":227,"column":0}},"227":{"start":{"line":228,"column":0},"end":{"line":228,"column":38}},"228":{"start":{"line":229,"column":0},"end":{"line":229,"column":0}},"229":{"start":{"line":230,"column":0},"end":{"line":230,"column":33}},"230":{"start":{"line":231,"column":0},"end":{"line":231,"column":39}},"231":{"start":{"line":232,"column":0},"end":{"line":232,"column":7}},"232":{"start":{"line":233,"column":0},"end":{"line":233,"column":3}},"233":{"start":{"line":234,"column":0},"end":{"line":234,"column":2}},"234":{"start":{"line":235,"column":0},"end":{"line":235,"column":0}},"235":{"start":{"line":236,"column":0},"end":{"line":236,"column":44}},"236":{"start":{"line":237,"column":0},"end":{"line":237,"column":41}},"237":{"start":{"line":238,"column":0},"end":{"line":238,"column":42}},"238":{"start":{"line":239,"column":0},"end":{"line":239,"column":31}},"239":{"start":{"line":240,"column":0},"end":{"line":240,"column":19}},"240":{"start":{"line":241,"column":0},"end":{"line":241,"column":5}},"241":{"start":{"line":242,"column":0},"end":{"line":242,"column":1}},"242":{"start":{"line":243,"column":0},"end":{"line":243,"column":0}},"243":{"start":{"line":244,"column":0},"end":{"line":244,"column":44}},"244":{"start":{"line":245,"column":0},"end":{"line":245,"column":41}},"245":{"start":{"line":246,"column":0},"end":{"line":246,"column":42}},"246":{"start":{"line":247,"column":0},"end":{"line":247,"column":31}},"247":{"start":{"line":248,"column":0},"end":{"line":248,"column":19}},"248":{"start":{"line":249,"column":0},"end":{"line":249,"column":5}},"249":{"start":{"line":250,"column":0},"end":{"line":250,"column":1}},"250":{"start":{"line":251,"column":0},"end":{"line":251,"column":0}},"251":{"start":{"line":252,"column":0},"end":{"line":252,"column":39}},"252":{"start":{"line":253,"column":0},"end":{"line":253,"column":41}},"253":{"start":{"line":254,"column":0},"end":{"line":254,"column":42}},"254":{"start":{"line":255,"column":0},"end":{"line":255,"column":31}},"255":{"start":{"line":256,"column":0},"end":{"line":256,"column":18}},"256":{"start":{"line":257,"column":0},"end":{"line":257,"column":5}},"257":{"start":{"line":258,"column":0},"end":{"line":258,"column":1}},"258":{"start":{"line":259,"column":0},"end":{"line":259,"column":0}},"259":{"start":{"line":260,"column":0},"end":{"line":260,"column":64}},"260":{"start":{"line":261,"column":0},"end":{"line":261,"column":41}},"261":{"start":{"line":262,"column":0},"end":{"line":262,"column":42}},"262":{"start":{"line":263,"column":0},"end":{"line":263,"column":43}},"263":{"start":{"line":264,"column":0},"end":{"line":264,"column":0}},"264":{"start":{"line":265,"column":0},"end":{"line":265,"column":25}},"265":{"start":{"line":266,"column":0},"end":{"line":266,"column":32}},"266":{"start":{"line":267,"column":0},"end":{"line":267,"column":38}},"267":{"start":{"line":268,"column":0},"end":{"line":268,"column":0}},"268":{"start":{"line":269,"column":0},"end":{"line":269,"column":33}},"269":{"start":{"line":270,"column":0},"end":{"line":270,"column":26}},"270":{"start":{"line":271,"column":0},"end":{"line":271,"column":25}},"271":{"start":{"line":272,"column":0},"end":{"line":272,"column":6}},"272":{"start":{"line":273,"column":0},"end":{"line":273,"column":0}},"273":{"start":{"line":274,"column":0},"end":{"line":274,"column":33}},"274":{"start":{"line":275,"column":0},"end":{"line":275,"column":44}},"275":{"start":{"line":276,"column":0},"end":{"line":276,"column":7}},"276":{"start":{"line":277,"column":0},"end":{"line":277,"column":0}},"277":{"start":{"line":278,"column":0},"end":{"line":278,"column":64}},"278":{"start":{"line":279,"column":0},"end":{"line":279,"column":39}},"279":{"start":{"line":280,"column":0},"end":{"line":280,"column":7}},"280":{"start":{"line":281,"column":0},"end":{"line":281,"column":6}},"281":{"start":{"line":282,"column":0},"end":{"line":282,"column":0}},"282":{"start":{"line":283,"column":0},"end":{"line":283,"column":33}},"283":{"start":{"line":284,"column":0},"end":{"line":284,"column":23}},"284":{"start":{"line":285,"column":0},"end":{"line":285,"column":7}},"285":{"start":{"line":286,"column":0},"end":{"line":286,"column":3}},"286":{"start":{"line":287,"column":0},"end":{"line":287,"column":1}},"287":{"start":{"line":288,"column":0},"end":{"line":288,"column":0}},"288":{"start":{"line":289,"column":0},"end":{"line":289,"column":8}},"289":{"start":{"line":290,"column":0},"end":{"line":290,"column":5}},"290":{"start":{"line":291,"column":0},"end":{"line":291,"column":7}},"291":{"start":{"line":292,"column":0},"end":{"line":292,"column":11}},"292":{"start":{"line":293,"column":0},"end":{"line":293,"column":19}},"293":{"start":{"line":294,"column":0},"end":{"line":294,"column":29}},"294":{"start":{"line":295,"column":0},"end":{"line":295,"column":15}},"295":{"start":{"line":296,"column":0},"end":{"line":296,"column":14}},"296":{"start":{"line":297,"column":0},"end":{"line":297,"column":19}},"297":{"start":{"line":298,"column":0},"end":{"line":298,"column":15}},"298":{"start":{"line":299,"column":0},"end":{"line":299,"column":18}},"299":{"start":{"line":300,"column":0},"end":{"line":300,"column":14}},"300":{"start":{"line":301,"column":0},"end":{"line":301,"column":30}},"301":{"start":{"line":302,"column":0},"end":{"line":302,"column":2}}},"s":{"0":1,"1":1,"2":1,"3":1,"4":1,"5":1,"6":1,"7":1,"8":1,"9":1,"10":1,"11":1,"12":1,"13":1,"14":1,"15":1,"16":1,"17":1,"18":1,"19":1,"20":1,"21":1,"22":1,"23":1,"24":1,"25":1,"26":1,"27":1,"28":1,"29":1,"30":1,"31":1,"32":1,"33":1,"34":1,"35":1,"36":1,"37":0,"38":0,"39":0,"40":0,"41":0,"42":0,"43":1,"44":1,"45":0,"46":0,"47":0,"48":0,"49":0,"50":0,"51":0,"52":0,"53":0,"54":0,"55":0,"56":0,"57":0,"58":0,"59":0,"60":0,"61":0,"62":0,"63":0,"64":0,"65":0,"66":0,"67":0,"68":0,"69":0,"70":0,"71":0,"72":0,"73":1,"74":1,"75":0,"76":0,"77":0,"78":1,"79":1,"80":0,"81":0,"82":0,"83":0,"84":0,"85":0,"86":0,"87":1,"88":1,"89":0,"90":0,"91":0,"92":0,"93":0,"94":1,"95":1,"96":0,"97":0,"98":0,"99":0,"100":0,"101":0,"102":0,"103":0,"104":0,"105":0,"106":0,"107":0,"108":0,"109":0,"110":0,"111":0,"112":0,"113":0,"114":0,"115":0,"116":0,"117":0,"118":0,"119":0,"120":0,"121":0,"122":0,"123":0,"124":0,"125":0,"126":0,"127":0,"128":0,"129":0,"130":0,"131":0,"132":0,"133":1,"134":1,"135":0,"136":0,"137":0,"138":0,"139":0,"140":0,"141":0,"142":1,"143":1,"144":0,"145":0,"146":0,"147":0,"148":0,"149":0,"150":0,"151":0,"152":0,"153":0,"154":0,"155":0,"156":0,"157":0,"158":0,"159":0,"160":0,"161":0,"162":0,"163":0,"164":0,"165":1,"166":1,"167":0,"168":0,"169":0,"170":0,"171":0,"172":0,"173":0,"174":0,"175":0,"176":0,"177":0,"178":0,"179":0,"180":0,"181":0,"182":0,"183":0,"184":0,"185":0,"186":0,"187":0,"188":0,"189":0,"190":0,"191":1,"192":1,"193":0,"194":0,"195":0,"196":0,"197":0,"198":0,"199":0,"200":0,"201":0,"202":0,"203":0,"204":0,"205":0,"206":0,"207":0,"208":0,"209":0,"210":0,"211":0,"212":0,"213":0,"214":0,"215":0,"216":0,"217":0,"218":0,"219":0,"220":0,"221":0,"222":0,"223":0,"224":0,"225":0,"226":0,"227":0,"228":0,"229":0,"230":0,"231":0,"232":0,"233":0,"234":1,"235":1,"236":0,"237":0,"238":0,"239":0,"240":0,"241":0,"242":1,"243":1,"244":0,"245":0,"246":0,"247":0,"248":0,"249":0,"250":1,"251":1,"252":0,"253":0,"254":0,"255":0,"256":0,"257":0,"258":1,"259":1,"260":0,"261":0,"262":0,"263":0,"264":0,"265":0,"266":0,"267":0,"268":0,"269":0,"270":0,"271":0,"272":0,"273":0,"274":0,"275":0,"276":0,"277":0,"278":0,"279":0,"280":0,"281":0,"282":0,"283":0,"284":0,"285":0,"286":0,"287":1,"288":1,"289":1,"290":1,"291":1,"292":1,"293":1,"294":1,"295":1,"296":1,"297":1,"298":1,"299":1,"300":1,"301":1},"branchMap":{},"b":{},"fnMap":{"0":{"name":"firebaseSignOut","decl":{"start":{"line":36,"column":24},"end":{"line":36,"column":43}},"loc":{"start":{"line":36,"column":24},"end":{"line":36,"column":43}},"line":36},"1":{"name":"useAuthState","decl":{"start":{"line":37,"column":21},"end":{"line":43,"column":2}},"loc":{"start":{"line":37,"column":21},"end":{"line":43,"column":2}},"line":37},"2":{"name":"handleLogin","decl":{"start":{"line":45,"column":20},"end":{"line":73,"column":2}},"loc":{"start":{"line":45,"column":20},"end":{"line":73,"column":2}},"line":45},"3":{"name":"checkIfLoggedIn","decl":{"start":{"line":75,"column":24},"end":{"line":78,"column":2}},"loc":{"start":{"line":75,"column":24},"end":{"line":78,"column":2}},"line":75},"4":{"name":"handleLogOut","decl":{"start":{"line":80,"column":21},"end":{"line":87,"column":2}},"loc":{"start":{"line":80,"column":21},"end":{"line":87,"column":2}},"line":80},"5":{"name":"checkIfSignedUp","decl":{"start":{"line":89,"column":24},"end":{"line":94,"column":2}},"loc":{"start":{"line":89,"column":24},"end":{"line":94,"column":2}},"line":89},"6":{"name":"signUpWithGoogle","decl":{"start":{"line":96,"column":25},"end":{"line":133,"column":2}},"loc":{"start":{"line":96,"column":25},"end":{"line":133,"column":2}},"line":96},"7":{"name":"signInWithGoogle","decl":{"start":{"line":135,"column":25},"end":{"line":142,"column":2}},"loc":{"start":{"line":135,"column":25},"end":{"line":142,"column":2}},"line":135},"8":{"name":"isOnboarded","decl":{"start":{"line":144,"column":20},"end":{"line":165,"column":2}},"loc":{"start":{"line":144,"column":20},"end":{"line":165,"column":2}},"line":144},"9":{"name":"submitOnboardingInformation","decl":{"start":{"line":167,"column":36},"end":{"line":191,"column":2}},"loc":{"start":{"line":167,"column":36},"end":{"line":191,"column":2}},"line":167},"10":{"name":"addExpense","decl":{"start":{"line":193,"column":26},"end":{"line":234,"column":2}},"loc":{"start":{"line":193,"column":26},"end":{"line":234,"column":2}},"line":193},"11":{"name":"changeIncome","decl":{"start":{"line":236,"column":7},"end":{"line":242,"column":1}},"loc":{"start":{"line":236,"column":7},"end":{"line":242,"column":1}},"line":236},"12":{"name":"changeBudget","decl":{"start":{"line":244,"column":7},"end":{"line":250,"column":1}},"loc":{"start":{"line":244,"column":7},"end":{"line":250,"column":1}},"line":244},"13":{"name":"updateData","decl":{"start":{"line":252,"column":7},"end":{"line":258,"column":1}},"loc":{"start":{"line":252,"column":7},"end":{"line":258,"column":1}},"line":252},"14":{"name":"changeBudgetByCategory","decl":{"start":{"line":260,"column":7},"end":{"line":287,"column":1}},"loc":{"start":{"line":260,"column":7},"end":{"line":287,"column":1}},"line":260}},"f":{"0":0,"1":0,"2":0,"3":0,"4":0,"5":0,"6":0,"7":0,"8":0,"9":0,"10":0,"11":0,"12":0,"13":0,"14":0}}
}
